# JRE version: Java(TM) SE Runtime Environment (8.0_131-b11) (build 1.8.0_131-b11)
# Java VM: Java HotSpot(TM) 64-Bit Server VM (25.131-b11 mixed mode windows-amd64 compressed oops)
Heap:
 PSYoungGen      total 53248K, used 28045K [0x00000000d5f00000, 0x00000000da600000, 0x0000000100000000)
  eden space 45056K, 48% used [0x00000000d5f00000,0x00000000d7434598,0x00000000d8b00000)
  from space 8192K, 77% used [0x00000000d8b00000,0x00000000d912efe0,0x00000000d9300000)
  to   space 8192K, 0% used [0x00000000d9e00000,0x00000000d9e00000,0x00000000da600000)
 ParOldGen       total 64512K, used 7694K [0x0000000081c00000, 0x0000000085b00000, 0x00000000d5f00000)
  object space 64512K, 11% used [0x0000000081c00000,0x0000000082383b48,0x0000000085b00000)
 Metaspace       used 29873K, capacity 31508K, committed 31616K, reserved 1077248K
  class space    used 3824K, capacity 4130K, committed 4224K, reserved 1048576K
GC Heap History (10 events):
Event: 4.960 GC heap before
{Heap before GC invocations=6 (full 1):
 PSYoungGen      total 37888K, used 5118K [0x00000000d5f00000, 0x00000000d9000000, 0x0000000100000000)
  eden space 32768K, 0% used [0x00000000d5f00000,0x00000000d5f00000,0x00000000d7f00000)
  from space 5120K, 99% used [0x00000000d7f80000,0x00000000d847fad0,0x00000000d8480000)
  to   space 8704K, 0% used [0x00000000d8780000,0x00000000d8780000,0x00000000d9000000)
 ParOldGen       total 87552K, used 3990K [0x0000000081c00000, 0x0000000087180000, 0x00000000d5f00000)
  object space 87552K, 4% used [0x0000000081c00000,0x0000000081fe5818,0x0000000087180000)
 Metaspace       used 20352K, capacity 21224K, committed 21296K, reserved 1069056K
  class space    used 2522K, capacity 2686K, committed 2688K, reserved 1048576K
Event: 5.039 GC heap after
Heap after GC invocations=6 (full 1):
 PSYoungGen      total 37888K, used 0K [0x00000000d5f00000, 0x00000000d9000000, 0x0000000100000000)
  eden space 32768K, 0% used [0x00000000d5f00000,0x00000000d5f00000,0x00000000d7f00000)
  from space 5120K, 0% used [0x00000000d7f80000,0x00000000d7f80000,0x00000000d8480000)
  to   space 8704K, 0% used [0x00000000d8780000,0x00000000d8780000,0x00000000d9000000)
 ParOldGen       total 64512K, used 7670K [0x0000000081c00000, 0x0000000085b00000, 0x00000000d5f00000)
  object space 64512K, 11% used [0x0000000081c00000,0x000000008237db48,0x0000000085b00000)
 Metaspace       used 20352K, capacity 21224K, committed 21296K, reserved 1069056K
  class space    used 2522K, capacity 2686K, committed 2688K, reserved 1048576K
}
Event: 5.621 GC heap before
{Heap before GC invocations=7 (full 1):
 PSYoungGen      total 37888K, used 32768K [0x00000000d5f00000, 0x00000000d9000000, 0x0000000100000000)
  eden space 32768K, 100% used [0x00000000d5f00000,0x00000000d7f00000,0x00000000d7f00000)
  from space 5120K, 0% used [0x00000000d7f80000,0x00000000d7f80000,0x00000000d8480000)
  to   space 8704K, 0% used [0x00000000d8780000,0x00000000d8780000,0x00000000d9000000)
 ParOldGen       total 64512K, used 7670K [0x0000000081c00000, 0x0000000085b00000, 0x00000000d5f00000)
  object space 64512K, 11% used [0x0000000081c00000,0x000000008237db48,0x0000000085b00000)
 Metaspace       used 22963K, capacity 23962K, committed 24192K, reserved 1071104K
  class space    used 2911K, capacity 3119K, committed 3200K, reserved 1048576K
Event: 5.630 GC heap after
Heap after GC invocations=7 (full 1):
 PSYoungGen      total 41472K, used 3802K [0x00000000d5f00000, 0x00000000d9d00000, 0x0000000100000000)
  eden space 32768K, 0% used [0x00000000d5f00000,0x00000000d5f00000,0x00000000d7f00000)
  from space 8704K, 43% used [0x00000000d8780000,0x00000000d8b36aa8,0x00000000d9000000)
  to   space 8704K, 0% used [0x00000000d7f00000,0x00000000d7f00000,0x00000000d8780000)
 ParOldGen       total 64512K, used 7670K [0x0000000081c00000, 0x0000000085b00000, 0x00000000d5f00000)
  object space 64512K, 11% used [0x0000000081c00000,0x000000008237db48,0x0000000085b00000)
 Metaspace       used 22963K, capacity 23962K, committed 24192K, reserved 1071104K
  class space    used 2911K, capacity 3119K, committed 3200K, reserved 1048576K
}
Event: 6.341 GC heap before
{Heap before GC invocations=8 (full 1):
 PSYoungGen      total 41472K, used 36570K [0x00000000d5f00000, 0x00000000d9d00000, 0x0000000100000000)
  eden space 32768K, 100% used [0x00000000d5f00000,0x00000000d7f00000,0x00000000d7f00000)
  from space 8704K, 43% used [0x00000000d8780000,0x00000000d8b36aa8,0x00000000d9000000)
  to   space 8704K, 0% used [0x00000000d7f00000,0x00000000d7f00000,0x00000000d8780000)
 ParOldGen       total 64512K, used 7670K [0x0000000081c00000, 0x0000000085b00000, 0x00000000d5f00000)
  object space 64512K, 11% used [0x0000000081c00000,0x000000008237db48,0x0000000085b00000)
 Metaspace       used 24573K, capacity 25806K, committed 25984K, reserved 1071104K
  class space    used 3094K, capacity 3363K, committed 3456K, reserved 1048576K
Event: 6.345 GC heap after
Heap after GC invocations=8 (full 1):
 PSYoungGen      total 41472K, used 4214K [0x00000000d5f00000, 0x00000000d9b00000, 0x0000000100000000)
  eden space 32768K, 0% used [0x00000000d5f00000,0x00000000d5f00000,0x00000000d7f00000)
  from space 8704K, 48% used [0x00000000d7f00000,0x00000000d831db00,0x00000000d8780000)
  to   space 8192K, 0% used [0x00000000d9300000,0x00000000d9300000,0x00000000d9b00000)
 ParOldGen       total 64512K, used 7678K [0x0000000081c00000, 0x0000000085b00000, 0x00000000d5f00000)
  object space 64512K, 11% used [0x0000000081c00000,0x000000008237fb48,0x0000000085b00000)
 Metaspace       used 24573K, capacity 25806K, committed 25984K, reserved 1071104K
  class space    used 3094K, capacity 3363K, committed 3456K, reserved 1048576K
}
Event: 7.025 GC heap before
{Heap before GC invocations=9 (full 1):
 PSYoungGen      total 41472K, used 36982K [0x00000000d5f00000, 0x00000000d9b00000, 0x0000000100000000)
  eden space 32768K, 100% used [0x00000000d5f00000,0x00000000d7f00000,0x00000000d7f00000)
  from space 8704K, 48% used [0x00000000d7f00000,0x00000000d831db00,0x00000000d8780000)
  to   space 8192K, 0% used [0x00000000d9300000,0x00000000d9300000,0x00000000d9b00000)
 ParOldGen       total 64512K, used 7678K [0x0000000081c00000, 0x0000000085b00000, 0x00000000d5f00000)
  object space 64512K, 11% used [0x0000000081c00000,0x000000008237fb48,0x0000000085b00000)
 Metaspace       used 26547K, capacity 27884K, committed 28032K, reserved 1073152K
  class space    used 3358K, capacity 3638K, committed 3712K, reserved 1048576K
Event: 7.037 GC heap after
Heap after GC invocations=9 (full 1):
 PSYoungGen      total 53248K, used 4898K [0x00000000d5f00000, 0x00000000d9c80000, 0x0000000100000000)
  eden space 45056K, 0% used [0x00000000d5f00000,0x00000000d5f00000,0x00000000d8b00000)
  from space 8192K, 59% used [0x00000000d9300000,0x00000000d97c8a10,0x00000000d9b00000)
  to   space 8192K, 0% used [0x00000000d8b00000,0x00000000d8b00000,0x00000000d9300000)
 ParOldGen       total 64512K, used 7686K [0x0000000081c00000, 0x0000000085b00000, 0x00000000d5f00000)
  object space 64512K, 11% used [0x0000000081c00000,0x0000000082381b48,0x0000000085b00000)
 Metaspace       used 26547K, capacity 27884K, committed 28032K, reserved 1073152K
  class space    used 3358K, capacity 3638K, committed 3712K, reserved 1048576K
}
Event: 8.289 GC heap before
{Heap before GC invocations=10 (full 1):
 PSYoungGen      total 53248K, used 49954K [0x00000000d5f00000, 0x00000000d9c80000, 0x0000000100000000)
  eden space 45056K, 100% used [0x00000000d5f00000,0x00000000d8b00000,0x00000000d8b00000)
  from space 8192K, 59% used [0x00000000d9300000,0x00000000d97c8a10,0x00000000d9b00000)
  to   space 8192K, 0% used [0x00000000d8b00000,0x00000000d8b00000,0x00000000d9300000)
 ParOldGen       total 64512K, used 7686K [0x0000000081c00000, 0x0000000085b00000, 0x00000000d5f00000)
  object space 64512K, 11% used [0x0000000081c00000,0x0000000082381b48,0x0000000085b00000)
 Metaspace       used 29299K, capacity 30858K, committed 30976K, reserved 1077248K
  class space    used 3721K, capacity 4025K, committed 4096K, reserved 1048576K
Event: 8.301 GC heap after
Heap after GC invocations=10 (full 1):
 PSYoungGen      total 53248K, used 6331K [0x00000000d5f00000, 0x00000000da600000, 0x0000000100000000)
  eden space 45056K, 0% used [0x00000000d5f00000,0x00000000d5f00000,0x00000000d8b00000)
  from space 8192K, 77% used [0x00000000d8b00000,0x00000000d912efe0,0x00000000d9300000)
  to   space 8192K, 0% used [0x00000000d9e00000,0x00000000d9e00000,0x00000000da600000)
 ParOldGen       total 64512K, used 7694K [0x0000000081c00000, 0x0000000085b00000, 0x00000000d5f00000)
  object space 64512K, 11% used [0x0000000081c00000,0x0000000082383b48,0x0000000085b00000)
 Metaspace       used 29299K, capacity 30858K, committed 30976K, reserved 1077248K
  class space    used 3721K, capacity 4025K, committed 4096K, reserved 1048576K
}

