# JRE version: Java(TM) SE Runtime Environment (8.0_131-b11) (build 1.8.0_131-b11)
# Java VM: Java HotSpot(TM) 64-Bit Server VM (25.131-b11 mixed mode windows-amd64 compressed oops)
Heap:
 PSYoungGen      total 112128K, used 50267K [0x00000000d5f00000, 0x00000000df080000, 0x0000000100000000)
  eden space 104960K, 41% used [0x00000000d5f00000,0x00000000d8938ce8,0x00000000dc580000)
  from space 7168K, 98% used [0x00000000de980000,0x00000000df05e1a8,0x00000000df080000)
  to   space 9216K, 0% used [0x00000000dde80000,0x00000000dde80000,0x00000000de780000)
 ParOldGen       total 56832K, used 7705K [0x0000000081c00000, 0x0000000085380000, 0x00000000d5f00000)
  object space 56832K, 13% used [0x0000000081c00000,0x00000000823866b0,0x0000000085380000)
 Metaspace       used 27078K, capacity 28504K, committed 28672K, reserved 1075200K
  class space    used 3437K, capacity 3724K, committed 3840K, reserved 1048576K
GC Heap History (10 events):
Event: 2.227 GC heap before
{Heap before GC invocations=3 (full 0):
 PSYoungGen      total 38400K, used 37663K [0x00000000d5f00000, 0x00000000daa00000, 0x0000000100000000)
  eden space 33280K, 100% used [0x00000000d5f00000,0x00000000d7f80000,0x00000000d7f80000)
  from space 5120K, 85% used [0x00000000d8480000,0x00000000d88c7d70,0x00000000d8980000)
  to   space 5120K, 0% used [0x00000000d7f80000,0x00000000d7f80000,0x00000000d8480000)
 ParOldGen       total 87552K, used 24K [0x0000000081c00000, 0x0000000087180000, 0x00000000d5f00000)
  object space 87552K, 0% used [0x0000000081c00000,0x0000000081c06000,0x0000000087180000)
 Metaspace       used 13540K, capacity 14136K, committed 14336K, reserved 1062912K
  class space    used 1651K, capacity 1792K, committed 1792K, reserved 1048576K
Event: 2.238 GC heap after
Heap after GC invocations=3 (full 0):
 PSYoungGen      total 38400K, used 5112K [0x00000000d5f00000, 0x00000000daa00000, 0x0000000100000000)
  eden space 33280K, 0% used [0x00000000d5f00000,0x00000000d5f00000,0x00000000d7f80000)
  from space 5120K, 99% used [0x00000000d7f80000,0x00000000d847e190,0x00000000d8480000)
  to   space 5120K, 0% used [0x00000000da500000,0x00000000da500000,0x00000000daa00000)
 ParOldGen       total 87552K, used 111K [0x0000000081c00000, 0x0000000087180000, 0x00000000d5f00000)
  object space 87552K, 0% used [0x0000000081c00000,0x0000000081c1bd28,0x0000000087180000)
 Metaspace       used 13540K, capacity 14136K, committed 14336K, reserved 1062912K
  class space    used 1651K, capacity 1792K, committed 1792K, reserved 1048576K
}
Event: 2.895 GC heap before
{Heap before GC invocations=4 (full 0):
 PSYoungGen      total 38400K, used 38392K [0x00000000d5f00000, 0x00000000daa00000, 0x0000000100000000)
  eden space 33280K, 100% used [0x00000000d5f00000,0x00000000d7f80000,0x00000000d7f80000)
  from space 5120K, 99% used [0x00000000d7f80000,0x00000000d847e190,0x00000000d8480000)
  to   space 5120K, 0% used [0x00000000da500000,0x00000000da500000,0x00000000daa00000)
 ParOldGen       total 87552K, used 111K [0x0000000081c00000, 0x0000000087180000, 0x00000000d5f00000)
  object space 87552K, 0% used [0x0000000081c00000,0x0000000081c1bd28,0x0000000087180000)
 Metaspace       used 17030K, capacity 17860K, committed 18048K, reserved 1064960K
  class space    used 2163K, capacity 2318K, committed 2432K, reserved 1048576K
Event: 2.904 GC heap after
Heap after GC invocations=4 (full 0):
 PSYoungGen      total 71680K, used 5090K [0x00000000d5f00000, 0x00000000daa00000, 0x0000000100000000)
  eden space 66560K, 0% used [0x00000000d5f00000,0x00000000d5f00000,0x00000000da000000)
  from space 5120K, 99% used [0x00000000da500000,0x00000000da9f88f8,0x00000000daa00000)
  to   space 5120K, 0% used [0x00000000da000000,0x00000000da000000,0x00000000da500000)
 ParOldGen       total 87552K, used 1291K [0x0000000081c00000, 0x0000000087180000, 0x00000000d5f00000)
  object space 87552K, 1% used [0x0000000081c00000,0x0000000081d42ea8,0x0000000087180000)
 Metaspace       used 17030K, capacity 17860K, committed 18048K, reserved 1064960K
  class space    used 2163K, capacity 2318K, committed 2432K, reserved 1048576K
}
Event: 3.189 GC heap before
{Heap before GC invocations=5 (full 0):
 PSYoungGen      total 71680K, used 36880K [0x00000000d5f00000, 0x00000000daa00000, 0x0000000100000000)
  eden space 66560K, 47% used [0x00000000d5f00000,0x00000000d7e0b890,0x00000000da000000)
  from space 5120K, 99% used [0x00000000da500000,0x00000000da9f88f8,0x00000000daa00000)
  to   space 5120K, 0% used [0x00000000da000000,0x00000000da000000,0x00000000da500000)
 ParOldGen       total 87552K, used 1291K [0x0000000081c00000, 0x0000000087180000, 0x00000000d5f00000)
  object space 87552K, 1% used [0x0000000081c00000,0x0000000081d42ea8,0x0000000087180000)
 Metaspace       used 20395K, capacity 21224K, committed 21296K, reserved 1069056K
  class space    used 2524K, capacity 2686K, committed 2688K, reserved 1048576K
Event: 3.198 GC heap after
Heap after GC invocations=5 (full 0):
 PSYoungGen      total 71680K, used 5112K [0x00000000d5f00000, 0x00000000df200000, 0x0000000100000000)
  eden space 66560K, 0% used [0x00000000d5f00000,0x00000000d5f00000,0x00000000da000000)
  from space 5120K, 99% used [0x00000000da000000,0x00000000da4fe050,0x00000000da500000)
  to   space 8704K, 0% used [0x00000000de980000,0x00000000de980000,0x00000000df200000)
 ParOldGen       total 87552K, used 4007K [0x0000000081c00000, 0x0000000087180000, 0x00000000d5f00000)
  object space 87552K, 4% used [0x0000000081c00000,0x0000000081fe9f68,0x0000000087180000)
 Metaspace       used 20395K, capacity 21224K, committed 21296K, reserved 1069056K
  class space    used 2524K, capacity 2686K, committed 2688K, reserved 1048576K
}
Event: 3.198 GC heap before
{Heap before GC invocations=6 (full 1):
 PSYoungGen      total 71680K, used 5112K [0x00000000d5f00000, 0x00000000df200000, 0x0000000100000000)
  eden space 66560K, 0% used [0x00000000d5f00000,0x00000000d5f00000,0x00000000da000000)
  from space 5120K, 99% used [0x00000000da000000,0x00000000da4fe050,0x00000000da500000)
  to   space 8704K, 0% used [0x00000000de980000,0x00000000de980000,0x00000000df200000)
 ParOldGen       total 87552K, used 4007K [0x0000000081c00000, 0x0000000087180000, 0x00000000d5f00000)
  object space 87552K, 4% used [0x0000000081c00000,0x0000000081fe9f68,0x0000000087180000)
 Metaspace       used 20395K, capacity 21224K, committed 21296K, reserved 1069056K
  class space    used 2524K, capacity 2686K, committed 2688K, reserved 1048576K
Event: 3.242 GC heap after
Heap after GC invocations=6 (full 1):
 PSYoungGen      total 71680K, used 0K [0x00000000d5f00000, 0x00000000df200000, 0x0000000100000000)
  eden space 66560K, 0% used [0x00000000d5f00000,0x00000000d5f00000,0x00000000da000000)
  from space 5120K, 0% used [0x00000000da000000,0x00000000da000000,0x00000000da500000)
  to   space 8704K, 0% used [0x00000000de980000,0x00000000de980000,0x00000000df200000)
 ParOldGen       total 56832K, used 7697K [0x0000000081c00000, 0x0000000085380000, 0x00000000d5f00000)
  object space 56832K, 13% used [0x0000000081c00000,0x00000000823846b0,0x0000000085380000)
 Metaspace       used 20395K, capacity 21224K, committed 21296K, reserved 1069056K
  class space    used 2524K, capacity 2686K, committed 2688K, reserved 1048576K
}
Event: 3.858 GC heap before
{Heap before GC invocations=7 (full 1):
 PSYoungGen      total 71680K, used 66560K [0x00000000d5f00000, 0x00000000df200000, 0x0000000100000000)
  eden space 66560K, 100% used [0x00000000d5f00000,0x00000000da000000,0x00000000da000000)
  from space 5120K, 0% used [0x00000000da000000,0x00000000da000000,0x00000000da500000)
  to   space 8704K, 0% used [0x00000000de980000,0x00000000de980000,0x00000000df200000)
 ParOldGen       total 56832K, used 7697K [0x0000000081c00000, 0x0000000085380000, 0x00000000d5f00000)
  object space 56832K, 13% used [0x0000000081c00000,0x00000000823846b0,0x0000000085380000)
 Metaspace       used 24798K, capacity 26032K, committed 26240K, reserved 1073152K
  class space    used 3135K, capacity 3396K, committed 3456K, reserved 1048576K
Event: 3.864 GC heap after
Heap after GC invocations=7 (full 1):
 PSYoungGen      total 112128K, used 7032K [0x00000000d5f00000, 0x00000000df080000, 0x0000000100000000)
  eden space 104960K, 0% used [0x00000000d5f00000,0x00000000d5f00000,0x00000000dc580000)
  from space 7168K, 98% used [0x00000000de980000,0x00000000df05e1a8,0x00000000df080000)
  to   space 9216K, 0% used [0x00000000dde80000,0x00000000dde80000,0x00000000de780000)
 ParOldGen       total 56832K, used 7705K [0x0000000081c00000, 0x0000000085380000, 0x00000000d5f00000)
  object space 56832K, 13% used [0x0000000081c00000,0x00000000823866b0,0x0000000085380000)
 Metaspace       used 24798K, capacity 26032K, committed 26240K, reserved 1073152K
  class space    used 3135K, capacity 3396K, committed 3456K, reserved 1048576K
}

